  [1m[36m (1.2ms)[0m  [1mCREATE TABLE "schema_migrations" ("version" varchar NOT NULL) [0m
  [1m[35m (0.0ms)[0m  select sqlite_version(*)
  [1m[36m (1.0ms)[0m  [1mCREATE UNIQUE INDEX "unique_schema_migrations" ON "schema_migrations" ("version")[0m
  [1m[35mActiveRecord::SchemaMigration Load (0.1ms)[0m  SELECT "schema_migrations".* FROM "schema_migrations"
  [1m[36mActiveRecord::SchemaMigration Load (0.1ms)[0m  [1mSELECT "schema_migrations".* FROM "schema_migrations"[0m
Migrating to CreatePosts (20151230232412)
  [1m[35m (0.1ms)[0m  begin transaction
  [1m[36m (0.4ms)[0m  [1mCREATE TABLE "posts" ("id" INTEGER PRIMARY KEY AUTOINCREMENT NOT NULL, "title" varchar, "description" text, "created_at" datetime NOT NULL, "updated_at" datetime NOT NULL) [0m
  [1m[35mSQL (0.2ms)[0m  INSERT INTO "schema_migrations" ("version") VALUES (?)  [["version", "20151230232412"]]
  [1m[36m (1.3ms)[0m  [1mcommit transaction[0m
  [1m[35mActiveRecord::SchemaMigration Load (0.1ms)[0m  SELECT "schema_migrations".* FROM "schema_migrations"


Started GET "/posts/new" for ::1 at 2015-12-31 13:44:56 -0600
  [1m[36mActiveRecord::SchemaMigration Load (0.1ms)[0m  [1mSELECT "schema_migrations".* FROM "schema_migrations"[0m
Processing by PostsController#new as HTML
  Rendered posts/new.html.erb within layouts/application (2.1ms)
Completed 200 OK in 347ms (Views: 326.8ms | ActiveRecord: 0.2ms)


Started GET "/assets/application.self-e80e8f2318043e8af94dddc2adad5a4f09739a8ebb323b3ab31cd71d45fd9113.css?body=1" for ::1 at 2015-12-31 13:44:57 -0600


Started GET "/assets/application.self-3b8dabdc891efe46b9a144b400ad69e37d7e5876bdc39dee783419a69d7ca819.js?body=1" for ::1 at 2015-12-31 13:44:57 -0600


Started POST "/posts" for ::1 at 2015-12-31 13:45:03 -0600
Processing by PostsController#create as HTML
  Parameters: {"utf8"=>"✓", "authenticity_token"=>"mFCuNJP5reOW19phdr4zXRLzOMo4NZQ3wneiVR+RO/+owIoDiOxh24iHKkZ7DGazxbSIoRmvIOmJgA4gog1sGg==", "title"=>"Rails Introduction Quiz", "description"=>"asdfasdf", "commit"=>"Submit Post"}
  [1m[35m (0.1ms)[0m  begin transaction
  [1m[36mSQL (0.4ms)[0m  [1mINSERT INTO "posts" ("title", "description", "created_at", "updated_at") VALUES (?, ?, ?, ?)[0m  [["title", "Rails Introduction Quiz"], ["description", "asdfasdf"], ["created_at", "2015-12-31 19:45:03.614973"], ["updated_at", "2015-12-31 19:45:03.614973"]]
  [1m[35m (1.2ms)[0m  commit transaction
Redirected to http://localhost:3000/posts/1
Completed 302 Found in 22ms (ActiveRecord: 1.7ms)


Started GET "/posts/1" for ::1 at 2015-12-31 13:45:03 -0600
Processing by PostsController#show as HTML
  Parameters: {"id"=>"1"}
  [1m[36mPost Load (0.2ms)[0m  [1mSELECT  "posts".* FROM "posts" WHERE "posts"."id" = ? LIMIT 1[0m  [["id", 1]]
  Rendered posts/show.html.erb within layouts/application (0.4ms)
Completed 200 OK in 27ms (Views: 10.4ms | ActiveRecord: 0.2ms)
Started GET "/rails/info/routes" for ::1 at 2019-10-11 18:01:16 -0400
  [1m[36mActiveRecord::SchemaMigration Load (0.1ms)[0m  [1m[34mSELECT "schema_migrations".* FROM "schema_migrations"[0m
Processing by Rails::InfoController#routes as HTML
  Parameters: {"internal"=>true}
  Rendering /Users/trunk_slamchest_mac/.rvm/gems/ruby-2.6.1/gems/railties-5.0.7.2/lib/rails/templates/rails/info/routes.html.erb within layouts/application
  Rendered collection of /Users/trunk_slamchest_mac/.rvm/gems/ruby-2.6.1/gems/actionpack-5.0.7.2/lib/action_dispatch/middleware/templates/routes/_route.html.erb [8 times] (1.9ms)
  Rendered /Users/trunk_slamchest_mac/.rvm/gems/ruby-2.6.1/gems/actionpack-5.0.7.2/lib/action_dispatch/middleware/templates/routes/_table.html.erb (8.2ms)
  Rendered /Users/trunk_slamchest_mac/.rvm/gems/ruby-2.6.1/gems/railties-5.0.7.2/lib/rails/templates/rails/info/routes.html.erb within layouts/application (13.8ms)
Completed 200 OK in 26ms (Views: 17.6ms | ActiveRecord: 0.0ms)


Started GET "/" for ::1 at 2019-10-11 18:01:23 -0400
Processing by Rails::WelcomeController#index as HTML
  Parameters: {"internal"=>true}
  Rendering /Users/trunk_slamchest_mac/.rvm/gems/ruby-2.6.1/gems/railties-5.0.7.2/lib/rails/templates/rails/welcome/index.html.erb
  Rendered /Users/trunk_slamchest_mac/.rvm/gems/ruby-2.6.1/gems/railties-5.0.7.2/lib/rails/templates/rails/welcome/index.html.erb (2.9ms)
Completed 200 OK in 6ms (Views: 4.5ms | ActiveRecord: 0.0ms)


Started GET "/posts" for ::1 at 2019-10-11 18:01:26 -0400
Processing by PostsController#index as HTML
  Rendering posts/index.html.erb within layouts/application
  [1m[36mPost Load (0.7ms)[0m  [1m[34mSELECT "posts".* FROM "posts"[0m
  Rendered posts/index.html.erb within layouts/application (6.3ms)
Completed 200 OK in 296ms (Views: 291.8ms | ActiveRecord: 1.3ms)


Started GET "/posts/new" for ::1 at 2019-10-11 18:02:18 -0400
Processing by PostsController#new as HTML
  Rendering posts/new.html.erb within layouts/application
  Rendered posts/new.html.erb within layouts/application (0.8ms)
Completed 200 OK in 14ms (Views: 12.5ms | ActiveRecord: 0.0ms)


Started POST "/posts" for ::1 at 2019-10-11 18:02:22 -0400
  
AbstractController::ActionNotFound (The action 'create' could not be found for PostsController):
  
actionpack (5.0.7.2) lib/abstract_controller/base.rb:121:in `process'
actionview (5.0.7.2) lib/action_view/rendering.rb:30:in `process'
actionpack (5.0.7.2) lib/action_controller/metal.rb:190:in `dispatch'
actionpack (5.0.7.2) lib/action_controller/metal.rb:262:in `dispatch'
actionpack (5.0.7.2) lib/action_dispatch/routing/route_set.rb:50:in `dispatch'
actionpack (5.0.7.2) lib/action_dispatch/routing/route_set.rb:32:in `serve'
actionpack (5.0.7.2) lib/action_dispatch/journey/router.rb:39:in `block in serve'
actionpack (5.0.7.2) lib/action_dispatch/journey/router.rb:26:in `each'
actionpack (5.0.7.2) lib/action_dispatch/journey/router.rb:26:in `serve'
actionpack (5.0.7.2) lib/action_dispatch/routing/route_set.rb:727:in `call'
rack (2.0.7) lib/rack/etag.rb:25:in `call'
rack (2.0.7) lib/rack/conditional_get.rb:38:in `call'
rack (2.0.7) lib/rack/head.rb:12:in `call'
rack (2.0.7) lib/rack/session/abstract/id.rb:232:in `context'
rack (2.0.7) lib/rack/session/abstract/id.rb:226:in `call'
actionpack (5.0.7.2) lib/action_dispatch/middleware/cookies.rb:613:in `call'
activerecord (5.0.7.2) lib/active_record/migration.rb:553:in `call'
actionpack (5.0.7.2) lib/action_dispatch/middleware/callbacks.rb:38:in `block in call'
activesupport (5.0.7.2) lib/active_support/callbacks.rb:97:in `__run_callbacks__'
activesupport (5.0.7.2) lib/active_support/callbacks.rb:750:in `_run_call_callbacks'
activesupport (5.0.7.2) lib/active_support/callbacks.rb:90:in `run_callbacks'
actionpack (5.0.7.2) lib/action_dispatch/middleware/callbacks.rb:36:in `call'
actionpack (5.0.7.2) lib/action_dispatch/middleware/executor.rb:12:in `call'
actionpack (5.0.7.2) lib/action_dispatch/middleware/remote_ip.rb:79:in `call'
actionpack (5.0.7.2) lib/action_dispatch/middleware/debug_exceptions.rb:49:in `call'
actionpack (5.0.7.2) lib/action_dispatch/middleware/show_exceptions.rb:31:in `call'
railties (5.0.7.2) lib/rails/rack/logger.rb:36:in `call_app'
railties (5.0.7.2) lib/rails/rack/logger.rb:24:in `block in call'
activesupport (5.0.7.2) lib/active_support/tagged_logging.rb:69:in `block in tagged'
activesupport (5.0.7.2) lib/active_support/tagged_logging.rb:26:in `tagged'
activesupport (5.0.7.2) lib/active_support/tagged_logging.rb:69:in `tagged'
railties (5.0.7.2) lib/rails/rack/logger.rb:24:in `call'
sprockets-rails (3.2.1) lib/sprockets/rails/quiet_assets.rb:13:in `call'
actionpack (5.0.7.2) lib/action_dispatch/middleware/request_id.rb:24:in `call'
rack (2.0.7) lib/rack/method_override.rb:22:in `call'
rack (2.0.7) lib/rack/runtime.rb:22:in `call'
activesupport (5.0.7.2) lib/active_support/cache/strategy/local_cache_middleware.rb:28:in `call'
actionpack (5.0.7.2) lib/action_dispatch/middleware/executor.rb:12:in `call'
actionpack (5.0.7.2) lib/action_dispatch/middleware/static.rb:136:in `call'
rack (2.0.7) lib/rack/sendfile.rb:111:in `call'
railties (5.0.7.2) lib/rails/engine.rb:522:in `call'
rack (2.0.7) lib/rack/handler/webrick.rb:86:in `service'
/Users/trunk_slamchest_mac/.rvm/rubies/ruby-2.6.1/lib/ruby/2.6.0/webrick/httpserver.rb:140:in `service'
/Users/trunk_slamchest_mac/.rvm/rubies/ruby-2.6.1/lib/ruby/2.6.0/webrick/httpserver.rb:96:in `run'
/Users/trunk_slamchest_mac/.rvm/rubies/ruby-2.6.1/lib/ruby/2.6.0/webrick/server.rb:307:in `block in start_thread'
  Rendering /Users/trunk_slamchest_mac/.rvm/gems/ruby-2.6.1/gems/actionpack-5.0.7.2/lib/action_dispatch/middleware/templates/rescues/unknown_action.html.erb within rescues/layout
  Rendered /Users/trunk_slamchest_mac/.rvm/gems/ruby-2.6.1/gems/actionpack-5.0.7.2/lib/action_dispatch/middleware/templates/rescues/unknown_action.html.erb within rescues/layout (0.4ms)
Started POST "/posts" for ::1 at 2019-10-11 18:03:27 -0400
Processing by PostsController#create as HTML
  Parameters: {"utf8"=>"✓", "authenticity_token"=>"jPEVRSiA+NE80jfcL4TFSEO1sq5IwHYfUVs64sck3ZV/CB2sqeqGXHIf26r0gkMxZv8L8davW0KySFoxJ0AOiA==", "title"=>"test", "description"=>"test", "commit"=>"Submit Post"}
  [1m[35m (0.1ms)[0m  [1m[36mbegin transaction[0m
  [1m[35mSQL (0.7ms)[0m  [1m[32mINSERT INTO "posts" ("created_at", "updated_at") VALUES (?, ?)[0m  [["created_at", "2019-10-11 22:05:07.934187"], ["updated_at", "2019-10-11 22:05:07.934187"]]
  [1m[35m (0.8ms)[0m  [1m[36mcommit transaction[0m
No template found for PostsController#create, rendering head :no_content
Completed 204 No Content in 100704ms (ActiveRecord: 2.2ms)


Started POST "/posts" for ::1 at 2019-10-11 18:05:19 -0400
  [1m[36mActiveRecord::SchemaMigration Load (0.1ms)[0m  [1m[34mSELECT "schema_migrations".* FROM "schema_migrations"[0m
Processing by PostsController#create as HTML
  Parameters: {"utf8"=>"✓", "authenticity_token"=>"jPEVRSiA+NE80jfcL4TFSEO1sq5IwHYfUVs64sck3ZV/CB2sqeqGXHIf26r0gkMxZv8L8davW0KySFoxJ0AOiA==", "title"=>"test", "description"=>"test", "commit"=>"Submit Post"}
  [1m[35m (0.1ms)[0m  [1m[36mbegin transaction[0m
  [1m[35mSQL (0.4ms)[0m  [1m[32mINSERT INTO "posts" ("title", "description", "created_at", "updated_at") VALUES (?, ?, ?, ?)[0m  [["title", "test"], ["description", "test"], ["created_at", "2019-10-11 22:05:19.699912"], ["updated_at", "2019-10-11 22:05:19.699912"]]
  [1m[35m (1.0ms)[0m  [1m[36mcommit transaction[0m
No template found for PostsController#create, rendering head :no_content
Completed 204 No Content in 26ms (ActiveRecord: 1.7ms)


Started GET "/posts" for ::1 at 2019-10-11 18:05:23 -0400
Processing by PostsController#index as HTML
  Rendering posts/index.html.erb within layouts/application
  [1m[36mPost Load (0.7ms)[0m  [1m[34mSELECT "posts".* FROM "posts"[0m
  Rendered posts/index.html.erb within layouts/application (3.1ms)
Completed 200 OK in 187ms (Views: 184.9ms | ActiveRecord: 0.7ms)


Started GET "/posts/new" for ::1 at 2019-10-11 18:05:24 -0400
Processing by PostsController#new as HTML
  Rendering posts/new.html.erb within layouts/application
  Rendered posts/new.html.erb within layouts/application (0.9ms)
Completed 200 OK in 12ms (Views: 11.0ms | ActiveRecord: 0.0ms)


Started GET "/" for ::1 at 2019-10-11 18:05:29 -0400
Processing by Rails::WelcomeController#index as HTML
  Parameters: {"internal"=>true}
  Rendering /Users/trunk_slamchest_mac/.rvm/gems/ruby-2.6.1/gems/railties-5.0.7.2/lib/rails/templates/rails/welcome/index.html.erb
  Rendered /Users/trunk_slamchest_mac/.rvm/gems/ruby-2.6.1/gems/railties-5.0.7.2/lib/rails/templates/rails/welcome/index.html.erb (2.8ms)
Completed 200 OK in 5ms (Views: 3.8ms | ActiveRecord: 0.0ms)


Started GET "/posts" for ::1 at 2019-10-11 18:05:36 -0400
Processing by PostsController#index as HTML
  Rendering posts/index.html.erb within layouts/application
  [1m[36mPost Load (0.1ms)[0m  [1m[34mSELECT "posts".* FROM "posts"[0m
  Rendered posts/index.html.erb within layouts/application (1.1ms)
Completed 200 OK in 14ms (Views: 12.6ms | ActiveRecord: 0.1ms)


Started GET "/posts/new" for ::1 at 2019-10-11 18:05:41 -0400
Processing by PostsController#new as HTML
  Rendering posts/new.html.erb within layouts/application
  Rendered posts/new.html.erb within layouts/application (1.1ms)
Completed 200 OK in 12ms (Views: 10.9ms | ActiveRecord: 0.0ms)


Started POST "/posts" for ::1 at 2019-10-11 18:05:48 -0400
Processing by PostsController#create as HTML
  Parameters: {"utf8"=>"✓", "authenticity_token"=>"dcnqoEMZEcdGx/HtMrVjv92Y8a2PiwFlmBsWahqhkkmGMOJJwnNvSggKHZvps+XG+NJI8hHkLDh7CHa5+sVBVA==", "title"=>"test2", "description"=>"test2", "commit"=>"Submit Post"}
  [1m[35m (0.1ms)[0m  [1m[36mbegin transaction[0m
  [1m[35mSQL (0.3ms)[0m  [1m[32mINSERT INTO "posts" ("title", "description", "created_at", "updated_at") VALUES (?, ?, ?, ?)[0m  [["title", "test2"], ["description", "test2"], ["created_at", "2019-10-11 22:05:48.205494"], ["updated_at", "2019-10-11 22:05:48.205494"]]
  [1m[35m (0.6ms)[0m  [1m[36mcommit transaction[0m
No template found for PostsController#create, rendering head :no_content
Completed 204 No Content in 16ms (ActiveRecord: 1.0ms)


Started POST "/posts" for ::1 at 2019-10-11 18:05:52 -0400
Processing by PostsController#create as HTML
  Parameters: {"utf8"=>"✓", "authenticity_token"=>"dcnqoEMZEcdGx/HtMrVjv92Y8a2PiwFlmBsWahqhkkmGMOJJwnNvSggKHZvps+XG+NJI8hHkLDh7CHa5+sVBVA==", "title"=>"test2", "description"=>"test2", "commit"=>"Submit Post"}
  [1m[35m (0.1ms)[0m  [1m[36mbegin transaction[0m
  [1m[35mSQL (0.4ms)[0m  [1m[32mINSERT INTO "posts" ("title", "description", "created_at", "updated_at") VALUES (?, ?, ?, ?)[0m  [["title", "test2"], ["description", "test2"], ["created_at", "2019-10-11 22:05:52.093274"], ["updated_at", "2019-10-11 22:05:52.093274"]]
  [1m[35m (0.7ms)[0m  [1m[36mcommit transaction[0m
No template found for PostsController#create, rendering head :no_content
Completed 204 No Content in 19ms (ActiveRecord: 1.2ms)


Started POST "/posts" for ::1 at 2019-10-11 18:06:21 -0400
Processing by PostsController#create as HTML
  Parameters: {"utf8"=>"✓", "authenticity_token"=>"dcnqoEMZEcdGx/HtMrVjv92Y8a2PiwFlmBsWahqhkkmGMOJJwnNvSggKHZvps+XG+NJI8hHkLDh7CHa5+sVBVA==", "title"=>"test2", "description"=>"test2", "commit"=>"Submit Post"}
  [1m[35m (0.0ms)[0m  [1m[36mbegin transaction[0m
  [1m[35mSQL (0.3ms)[0m  [1m[32mINSERT INTO "posts" ("title", "description", "created_at", "updated_at") VALUES (?, ?, ?, ?)[0m  [["title", "test2"], ["description", "test2"], ["created_at", "2019-10-11 22:06:21.246612"], ["updated_at", "2019-10-11 22:06:21.246612"]]
  [1m[35m (0.7ms)[0m  [1m[36mcommit transaction[0m
Redirected to http://localhost:3000/posts
Completed 302 Found in 10ms (ActiveRecord: 1.9ms)


Started GET "/posts" for ::1 at 2019-10-11 18:06:21 -0400
Processing by PostsController#index as HTML
  Rendering posts/index.html.erb within layouts/application
  [1m[36mPost Load (0.2ms)[0m  [1m[34mSELECT "posts".* FROM "posts"[0m
  Rendered posts/index.html.erb within layouts/application (1.1ms)
Completed 200 OK in 12ms (Views: 10.6ms | ActiveRecord: 0.2ms)


Started GET "/posts/1" for ::1 at 2019-10-11 18:07:00 -0400
Processing by PostsController#show as HTML
  Parameters: {"id"=>"1"}
  [1m[36mPost Load (0.1ms)[0m  [1m[34mSELECT  "posts".* FROM "posts" WHERE "posts"."id" = ? LIMIT ?[0m  [["id", 1], ["LIMIT", 1]]
  Rendering posts/show.html.erb within layouts/application
  Rendered posts/show.html.erb within layouts/application (0.3ms)
Completed 200 OK in 19ms (Views: 9.7ms | ActiveRecord: 0.8ms)


Started GET "/posts/2" for ::1 at 2019-10-11 18:07:04 -0400
Processing by PostsController#show as HTML
  Parameters: {"id"=>"2"}
  [1m[36mPost Load (0.1ms)[0m  [1m[34mSELECT  "posts".* FROM "posts" WHERE "posts"."id" = ? LIMIT ?[0m  [["id", 2], ["LIMIT", 1]]
  Rendering posts/show.html.erb within layouts/application
  Rendered posts/show.html.erb within layouts/application (0.3ms)
Completed 200 OK in 13ms (Views: 11.5ms | ActiveRecord: 0.1ms)


Started GET "/posts/3" for ::1 at 2019-10-11 18:07:07 -0400
Processing by PostsController#show as HTML
  Parameters: {"id"=>"3"}
  [1m[36mPost Load (0.1ms)[0m  [1m[34mSELECT  "posts".* FROM "posts" WHERE "posts"."id" = ? LIMIT ?[0m  [["id", 3], ["LIMIT", 1]]
  Rendering posts/show.html.erb within layouts/application
  Rendered posts/show.html.erb within layouts/application (0.3ms)
Completed 200 OK in 15ms (Views: 13.4ms | ActiveRecord: 0.1ms)


  [1m[36mPost Load (1.0ms)[0m  [1m[34mSELECT "posts".* FROM "posts"[0m
  [1m[36mPost Load (0.2ms)[0m  [1m[34mSELECT "posts".* FROM "posts"[0m
  [1m[35m (0.1ms)[0m  [1m[36mbegin transaction[0m
  [1m[35mSQL (0.6ms)[0m  [1m[31mDELETE FROM "posts" WHERE "posts"."id" = ?[0m  [["id", 1]]
  [1m[35m (1.2ms)[0m  [1m[36mcommit transaction[0m
  [1m[35m (0.1ms)[0m  [1m[36mbegin transaction[0m
  [1m[35mSQL (0.3ms)[0m  [1m[31mDELETE FROM "posts" WHERE "posts"."id" = ?[0m  [["id", 2]]
  [1m[35m (0.7ms)[0m  [1m[36mcommit transaction[0m
  [1m[35m (0.0ms)[0m  [1m[36mbegin transaction[0m
  [1m[35mSQL (0.3ms)[0m  [1m[31mDELETE FROM "posts" WHERE "posts"."id" = ?[0m  [["id", 3]]
  [1m[35m (0.6ms)[0m  [1m[36mcommit transaction[0m
  [1m[35m (0.0ms)[0m  [1m[36mbegin transaction[0m
  [1m[35mSQL (0.2ms)[0m  [1m[31mDELETE FROM "posts" WHERE "posts"."id" = ?[0m  [["id", 4]]
  [1m[35m (0.5ms)[0m  [1m[36mcommit transaction[0m
  [1m[35m (0.0ms)[0m  [1m[36mbegin transaction[0m
  [1m[35mSQL (0.2ms)[0m  [1m[31mDELETE FROM "posts" WHERE "posts"."id" = ?[0m  [["id", 5]]
  [1m[35m (0.6ms)[0m  [1m[36mcommit transaction[0m
  [1m[35m (0.1ms)[0m  [1m[36mbegin transaction[0m
  [1m[35mSQL (0.7ms)[0m  [1m[31mDELETE FROM "posts" WHERE "posts"."id" = ?[0m  [["id", 6]]
  [1m[35m (0.9ms)[0m  [1m[36mcommit transaction[0m
Started GET "/posts/new" for ::1 at 2019-10-11 18:08:10 -0400
Processing by PostsController#new as HTML
  Rendering posts/new.html.erb within layouts/application
  Rendered posts/new.html.erb within layouts/application (0.7ms)
Completed 200 OK in 12ms (Views: 11.2ms | ActiveRecord: 0.0ms)


Started POST "/posts" for ::1 at 2019-10-11 18:08:19 -0400
Processing by PostsController#create as HTML
  Parameters: {"utf8"=>"✓", "authenticity_token"=>"PrtG1iVIogwe+ZiNUROOaICVPbEF6rg2JtGLrtiTkePNQk4/pCLcgVA0dPuKFQgRpd+E7puFlWvFwut9OPdC/g==", "title"=>"test1", "description"=>"this is a test description", "commit"=>"Submit Post"}
  [1m[35m (0.1ms)[0m  [1m[36mbegin transaction[0m
  [1m[35mSQL (0.5ms)[0m  [1m[32mINSERT INTO "posts" ("title", "description", "created_at", "updated_at") VALUES (?, ?, ?, ?)[0m  [["title", "test1"], ["description", "this is a test description"], ["created_at", "2019-10-11 22:08:19.559798"], ["updated_at", "2019-10-11 22:08:19.559798"]]
  [1m[35m (0.9ms)[0m  [1m[36mcommit transaction[0m
Redirected to http://localhost:3000/posts
Completed 302 Found in 5ms (ActiveRecord: 1.4ms)


Started GET "/posts" for ::1 at 2019-10-11 18:08:19 -0400
Processing by PostsController#index as HTML
  Rendering posts/index.html.erb within layouts/application
  [1m[36mPost Load (0.4ms)[0m  [1m[34mSELECT "posts".* FROM "posts"[0m
  Rendered posts/index.html.erb within layouts/application (2.1ms)
Completed 200 OK in 11ms (Views: 9.6ms | ActiveRecord: 0.4ms)


Started GET "/posts/7" for ::1 at 2019-10-11 18:08:28 -0400
Processing by PostsController#show as HTML
  Parameters: {"id"=>"7"}
  [1m[36mPost Load (0.1ms)[0m  [1m[34mSELECT  "posts".* FROM "posts" WHERE "posts"."id" = ? LIMIT ?[0m  [["id", 7], ["LIMIT", 1]]
  Rendering posts/show.html.erb within layouts/application
  Rendered posts/show.html.erb within layouts/application (0.6ms)
Completed 200 OK in 13ms (Views: 11.4ms | ActiveRecord: 0.1ms)


